<?xml version="1.0" encoding="UTF-8"?>
<testng-results skipped="0" failed="0" total="1" passed="1">
  <reporter-output>
  </reporter-output>
  <suite name="Tests" duration-ms="21411" started-at="2017-06-16T08:10:39Z" finished-at="2017-06-16T08:11:01Z">
    <groups>
    </groups>
    <test name="Test1" duration-ms="21411" started-at="2017-06-16T08:10:39Z" finished-at="2017-06-16T08:11:01Z">
      <class name="adamenko.ev2.SampleTestNgTest">
        <test-method status="PASS" signature="initTestSuite()[pri:0, instance:adamenko.ev2.SampleTestNgTest@21bcffb5]" name="initTestSuite" is-config="true" duration-ms="47" started-at="2017-06-16T11:10:39Z" finished-at="2017-06-16T11:10:39Z">
          <reporter-output>
          </reporter-output>
        </test-method> <!-- initTestSuite -->
        <test-method status="PASS" signature="initWebDriver()[pri:0, instance:adamenko.ev2.SampleTestNgTest@21bcffb5]" name="initWebDriver" is-config="true" duration-ms="3804" started-at="2017-06-16T11:10:39Z" finished-at="2017-06-16T11:10:43Z">
          <reporter-output>
          </reporter-output>
        </test-method> <!-- initWebDriver -->
        <test-method status="PASS" signature="initPageObjects()[pri:0, instance:adamenko.ev2.SampleTestNgTest@21bcffb5]" name="initPageObjects" is-config="true" duration-ms="28" started-at="2017-06-16T11:10:43Z" finished-at="2017-06-16T11:10:43Z">
          <reporter-output>
          </reporter-output>
        </test-method> <!-- initPageObjects -->
        <test-method status="PASS" signature="MainTest()[pri:0, instance:adamenko.ev2.SampleTestNgTest@21bcffb5]" name="MainTest" duration-ms="17571" started-at="2017-06-16T11:10:43Z" finished-at="2017-06-16T11:11:01Z">
          <reporter-output>
          </reporter-output>
        </test-method> <!-- MainTest -->
        <test-method status="PASS" signature="tearDown()[pri:0, instance:adamenko.ev2.SampleTestNgTest@21bcffb5]" name="tearDown" is-config="true" duration-ms="994" started-at="2017-06-16T11:11:01Z" finished-at="2017-06-16T11:11:02Z">
          <reporter-output>
          </reporter-output>
        </test-method> <!-- tearDown -->
      </class> <!-- adamenko.ev2.SampleTestNgTest -->
    </test> <!-- Test1 -->
  </suite> <!-- Tests -->
</testng-results>
